[Licensing::Module] Trying to connect to existing licensing client channel...
Built from '6000.3/staging' branch; Version is '6000.3.9f1 (7a9955a4f2fa) revision 8034645'; Using compiler version '194234433'; Build Type 'Release'
OS: 'Windows 11  (10.0.26200) Core' Language: 'en' Physical Memory: 32692 MB
[Licensing::IpcConnector] Successfully connected to: "LicenseClient-phong" at "2026-05-19T11:58:51.1248118Z"
BatchMode: 1, IsHumanControllingUs: 0, StartBugReporterOnCrash: 0, Is64bit: 1
System  architecture: x64
Process architecture: x64
Date: 2026-05-19T11:58:51Z

COMMAND LINE ARGUMENTS:
C:\Program Files\Unity\Hub\Editor\6000.3.9f1\Editor\Unity.exe
-quit
-batchmode
-projectPath
C:\Users\phong\Downloads\rusty lake fake\My project
-executeMethod
HallwaySceneSetup.SetupMenu
-logFile
C:\Users\phong\Downloads\rusty lake fake\My project\hallway_setup_batch.log
Successfully changed project path to: C:\Users\phong\Downloads\rusty lake fake\My project
C:/Users/phong/Downloads/rusty lake fake/My project
Exiting without the bug reporter. Application will terminate with return code 1